<?xml version="1.0" encoding="UTF-8"?>
<!-- Generated by org.testng.reporters.JUnitReportReporter -->
<testsuite skipped="0" hostname="HPDB0273" name="TestTranslation.TestBingTranslator" tests="3" failures="0" timestamp="02 Jul 2018 10:19:08 GMT" time="68.163" errors="0">
  <testcase name="autoDetecting" time="6.649" classname="TestTranslation.TestBingTranslator"/>
  <testcase name="properTranslation" time="6.817" classname="TestTranslation.TestBingTranslator"/>
  <testcase name="moreThan5000Characters" time="54.697" classname="TestTranslation.TestBingTranslator"/>
</testsuite> <!-- TestTranslation.TestBingTranslator -->
